#
# There is insufficient memory for the Java Runtime Environment to continue.
# Native memory allocation (mmap) failed to map 4128768 bytes for G1 virtual space
# Possible reasons:
#   The system is out of physical RAM or swap space
#   The process is running with CompressedOops enabled, and the Java Heap may be blocking the growth of the native heap
# Possible solutions:
#   Reduce memory load on the system
#   Increase physical memory or swap space
#   Check if swap backing store is full
#   Decrease Java heap size (-Xmx/-Xms)
#   Decrease number of Java threads
#   Decrease Java thread stack sizes (-Xss)
#   Set larger code cache with -XX:ReservedCodeCacheSize=
#   JVM is running with Zero Based Compressed Oops mode in which the Java heap is
#     placed in the first 32GB address space. The Java Heap base address is the
#     maximum limit for the native heap growth. Please use -XX:HeapBaseMinAddress
#     to set the Java Heap base and to place the Java Heap above 32GB virtual address.
# This output file may be truncated or incomplete.
#
#  Out of Memory Error (os_windows.cpp:3527), pid=8548, tid=3200
#
# JRE version:  (19.0.1+10) (build )
# Java VM: OpenJDK 64-Bit Server VM (19.0.1+10-21, mixed mode, sharing, tiered, compressed oops, compressed class ptrs, g1 gc, windows-amd64)
# No core dump will be written. Minidumps are not enabled by default on client versions of Windows
#

---------------  S U M M A R Y ------------

Command Line: -Dmaven.multiModuleProjectDirectory=D:\www\jv-spring-stateless -Djansi.passthrough=true -Dmaven.home=C:\Program Files\JetBrains\IntelliJ IDEA 2022.3\plugins\maven\lib\maven3 -Dclassworlds.conf=C:\Program Files\JetBrains\IntelliJ IDEA 2022.3\plugins\maven\lib\maven3\bin\m2.conf -Dmaven.ext.class.path=C:\Program Files\JetBrains\IntelliJ IDEA 2022.3\plugins\maven\lib\maven-event-listener.jar -javaagent:C:\Program Files\JetBrains\IntelliJ IDEA 2022.3\lib\idea_rt.jar=59009:C:\Program Files\JetBrains\IntelliJ IDEA 2022.3\bin -Dfile.encoding=UTF-8 -Dsun.stdout.encoding=UTF-8 -Dsun.stderr.encoding=UTF-8 org.codehaus.classworlds.Launcher -Didea.version=2022.3 package

Host: Intel(R) Core(TM) i5-6300U CPU @ 2.40GHz, 4 cores, 15G,  Windows 10 , 64 bit Build 19041 (10.0.19041.2788)
Time: Wed May 10 19:04:54 2023  Windows 10 , 64 bit Build 19041 (10.0.19041.2788) elapsed time: 0.026555 seconds (0d 0h 0m 0s)

---------------  T H R E A D  ---------------

Current thread (0x000002da94c97ee0):  JavaThread "Unknown thread" [_thread_in_vm, id=3200, stack(0x000000dc47100000,0x000000dc47200000)]

Stack: [0x000000dc47100000,0x000000dc47200000]
Native frames: (J=compiled Java code, j=interpreted, Vv=VM code, C=native code)
V  [jvm.dll+0x6ee8fa]
V  [jvm.dll+0x857a1e]
V  [jvm.dll+0x85940e]
V  [jvm.dll+0x859ac3]
V  [jvm.dll+0x28291f]
V  [jvm.dll+0x6eb6e9]
V  [jvm.dll+0x6e028a]
V  [jvm.dll+0x357136]
V  [jvm.dll+0x35eb96]
V  [jvm.dll+0x3b5573]
V  [jvm.dll+0x3b578f]
V  [jvm.dll+0x32c6ea]
V  [jvm.dll+0x32d59e]
V  [jvm.dll+0x821b20]
V  [jvm.dll+0x3c27c1]
V  [jvm.dll+0x8022f1]
V  [jvm.dll+0x44b30f]
V  [jvm.dll+0x44cc91]
C  [jli.dll+0x5287]
C  [ucrtbase.dll+0x21bb2]
C  [KERNEL32.DLL+0x17604]
C  [ntdll.dll+0x526a1]


---------------  P R O C E S S  ---------------

Threads class SMR info:
_java_thread_list=0x00007ff938f2d048, length=0, elements={
}

Java Threads: ( => current thread )

Other Threads:
  0x000002da94d04020 WorkerThread "GC Thread#0" [stack: 0x000000dc47200000,0x000000dc47300000] [id=3724]
  0x000002da94d14cc0 ConcurrentGCThread "G1 Main Marker" [stack: 0x000000dc47300000,0x000000dc47400000] [id=2348]
  0x000002da94d16ea0 WorkerThread "G1 Conc#0" [stack: 0x000000dc47400000,0x000000dc47500000] [id=9284]

[error occurred during error reporting (printing all threads), id 0xc0000005, EXCEPTION_ACCESS_VIOLATION (0xc0000005) at pc=0x00007ff9386ed127]

VM state: not at safepoint (not fully initialized)

VM Mutex/Monitor currently owned by a thread:  ([mutex/lock_event])
[0x000002da94c96050] Heap_lock - owner thread: 0x000002da94c97ee0

Heap address: 0x0000000705200000, size: 4014 MB, Compressed Oops mode: Zero based, Oop shift amount: 3

CDS archive(s) mapped at: [0x0000000000000000-0x0000000000000000-0x0000000000000000), size 0, SharedBaseAddress: 0x0000000800000000, ArchiveRelocationMode: 0.
Narrow klass base: 0x0000000000000000, Narrow klass shift: 0, Narrow klass range: 0x0

GC Precious Log:
 CardTable entry size: 512
 Card Set container configuration: InlinePtr #cards 4 size 8 Array Of Cards #cards 16 size 48 Howl #buckets 8 coarsen threshold 3686 Howl Bitmap #cards 512 size 80 coarsen threshold 460 Card regions per heap region 1 cards per card region 4096

Heap:
 garbage-first heap   total 0K, used 0K [0x0000000705200000, 0x0000000800000000)
  region size 2048K, 0 young (0K), 0 survivors (0K)

[error occurred during error reporting (printing heap information), id 0xc0000005, EXCEPTION_ACCESS_VIOLATION (0xc0000005) at pc=0x00007ff938af6959]

GC Heap History (0 events):
No events

Dll operation events (1 events):
Event: 0.015 Loaded shared library C:\Program Files\Eclipse Adoptium\openjdk-19.0.1\bin\java.dll

Deoptimization events (0 events):
No events

Classes loaded (0 events):
No events

Classes unloaded (0 events):
No events

Classes redefined (0 events):
No events

Internal exceptions (0 events):
No events

VM Operations (0 events):
No events

Events (0 events):
No events


Dynamic libraries:
0x00007ff732ee0000 - 0x00007ff732eee000 	C:\Program Files\Eclipse Adoptium\openjdk-19.0.1\bin\java.exe
0x00007ff98c490000 - 0x00007ff98c688000 	C:\Windows\SYSTEM32\ntdll.dll
0x00007ff983c20000 - 0x00007ff983c39000 	C:\Program Files\Avast Software\Avast\aswhook.dll
0x00007ff98c2f0000 - 0x00007ff98c3af000 	C:\Windows\System32\KERNEL32.DLL
0x00007ff98a180000 - 0x00007ff98a45a000 	C:\Windows\System32\KERNELBASE.dll
0x00007ff98a080000 - 0x00007ff98a180000 	C:\Windows\System32\ucrtbase.dll
0x00007ff94e950000 - 0x00007ff94e967000 	C:\Program Files\Eclipse Adoptium\openjdk-19.0.1\bin\jli.dll
0x00007ff94e540000 - 0x00007ff94e55b000 	C:\Program Files\Eclipse Adoptium\openjdk-19.0.1\bin\VCRUNTIME140.dll
0x00007ff98ae20000 - 0x00007ff98afbd000 	C:\Windows\System32\USER32.dll
0x00007ff989c90000 - 0x00007ff989cb2000 	C:\Windows\System32\win32u.dll
0x00007ff9763e0000 - 0x00007ff97667a000 	C:\Windows\WinSxS\amd64_microsoft.windows.common-controls_6595b64144ccf1df_6.0.19041.1110_none_60b5254171f9507e\COMCTL32.dll
0x00007ff98b350000 - 0x00007ff98b37b000 	C:\Windows\System32\GDI32.dll
0x00007ff989d70000 - 0x00007ff989e80000 	C:\Windows\System32\gdi32full.dll
0x00007ff98c3b0000 - 0x00007ff98c44e000 	C:\Windows\System32\msvcrt.dll
0x00007ff989e80000 - 0x00007ff989f1d000 	C:\Windows\System32\msvcp_win.dll
0x00007ff98b810000 - 0x00007ff98b840000 	C:\Windows\System32\IMM32.DLL
0x00007ff96d960000 - 0x00007ff96d96c000 	C:\Program Files\Eclipse Adoptium\openjdk-19.0.1\bin\vcruntime140_1.dll
0x00007ff94ae60000 - 0x00007ff94aeee000 	C:\Program Files\Eclipse Adoptium\openjdk-19.0.1\bin\msvcp140.dll
0x00007ff9383b0000 - 0x00007ff939070000 	C:\Program Files\Eclipse Adoptium\openjdk-19.0.1\bin\server\jvm.dll
0x00007ff98b0c0000 - 0x00007ff98b16e000 	C:\Windows\System32\ADVAPI32.dll
0x00007ff98b020000 - 0x00007ff98b0bc000 	C:\Windows\System32\sechost.dll
0x00007ff98b5a0000 - 0x00007ff98b6c6000 	C:\Windows\System32\RPCRT4.dll
0x00007ff9882c0000 - 0x00007ff9882c9000 	C:\Windows\SYSTEM32\WSOCK32.dll
0x00007ff977e30000 - 0x00007ff977e57000 	C:\Windows\SYSTEM32\WINMM.dll
0x00007ff98b170000 - 0x00007ff98b1db000 	C:\Windows\System32\WS2_32.dll
0x00007ff981760000 - 0x00007ff98176a000 	C:\Windows\SYSTEM32\VERSION.dll
0x00007ff9883f0000 - 0x00007ff988402000 	C:\Windows\SYSTEM32\kernel.appcore.dll
0x00007ff96d170000 - 0x00007ff96d17a000 	C:\Program Files\Eclipse Adoptium\openjdk-19.0.1\bin\jimage.dll
0x00007ff987910000 - 0x00007ff987af4000 	C:\Windows\SYSTEM32\DBGHELP.DLL
0x00007ff97d770000 - 0x00007ff97d7a4000 	C:\Windows\SYSTEM32\dbgcore.DLL
0x00007ff98a460000 - 0x00007ff98a4e2000 	C:\Windows\System32\bcryptPrimitives.dll
0x00007ff967c60000 - 0x00007ff967c6e000 	C:\Program Files\Eclipse Adoptium\openjdk-19.0.1\bin\instrument.dll
0x00007ff94e290000 - 0x00007ff94e2b6000 	C:\Program Files\Eclipse Adoptium\openjdk-19.0.1\bin\java.dll

dbghelp: loaded successfully - version: 4.0.5 - missing functions: none
symbol engine: initialized successfully - sym options: 0x614 - pdb path: .;C:\Program Files\Eclipse Adoptium\openjdk-19.0.1\bin;C:\Windows\SYSTEM32;C:\Program Files\Avast Software\Avast;C:\Windows\WinSxS\amd64_microsoft.windows.common-controls_6595b64144ccf1df_6.0.19041.1110_none_60b5254171f9507e;C:\Program Files\Eclipse Adoptium\openjdk-19.0.1\bin\server

VM Arguments:
jvm_args: -Dmaven.multiModuleProjectDirectory=D:\www\jv-spring-stateless -Djansi.passthrough=true -Dmaven.home=C:\Program Files\JetBrains\IntelliJ IDEA 2022.3\plugins\maven\lib\maven3 -Dclassworlds.conf=C:\Program Files\JetBrains\IntelliJ IDEA 2022.3\plugins\maven\lib\maven3\bin\m2.conf -Dmaven.ext.class.path=C:\Program Files\JetBrains\IntelliJ IDEA 2022.3\plugins\maven\lib\maven-event-listener.jar -javaagent:C:\Program Files\JetBrains\IntelliJ IDEA 2022.3\lib\idea_rt.jar=59009:C:\Program Files\JetBrains\IntelliJ IDEA 2022.3\bin -Dfile.encoding=UTF-8 -Dsun.stdout.encoding=UTF-8 -Dsun.stderr.encoding=UTF-8 
java_command: org.codehaus.classworlds.Launcher -Didea.version=2022.3 package
java_class_path (initial): C:\Program Files\JetBrains\IntelliJ IDEA 2022.3\plugins\maven\lib\maven3\boot\plexus-classworlds-2.6.0.jar;C:\Program Files\JetBrains\IntelliJ IDEA 2022.3\plugins\maven\lib\maven3\boot\plexus-classworlds.license
Launcher Type: SUN_STANDARD

[Global flags]
     intx CICompilerCount                          = 3                                         {product} {ergonomic}
     uint ConcGCThreads                            = 1                                         {product} {ergonomic}
     uint G1ConcRefinementThreads                  = 4                                         {product} {ergonomic}
   size_t G1HeapRegionSize                         = 2097152                                   {product} {ergonomic}
    uintx GCDrainStackTargetSize                   = 64                                        {product} {ergonomic}
   size_t InitialHeapSize                          = 264241152                                 {product} {ergonomic}
   size_t MarkStackSize                            = 4194304                                   {product} {ergonomic}
   size_t MaxHeapSize                              = 4208984064                                {product} {ergonomic}
   size_t MinHeapDeltaBytes                        = 2097152                                   {product} {ergonomic}
   size_t MinHeapSize                              = 8388608                                   {product} {ergonomic}
    uintx NonNMethodCodeHeapSize                   = 5832780                                {pd product} {ergonomic}
    uintx NonProfiledCodeHeapSize                  = 122912730                              {pd product} {ergonomic}
    uintx ProfiledCodeHeapSize                     = 122912730                              {pd product} {ergonomic}
    uintx ReservedCodeCacheSize                    = 251658240                              {pd product} {ergonomic}
     bool SegmentedCodeCache                       = true                                      {product} {ergonomic}
   size_t SoftMaxHeapSize                          = 4208984064                             {manageable} {ergonomic}
     bool UseCompressedClassPointers               = true                           {product lp64_product} {ergonomic}
     bool UseCompressedOops                        = true                           {product lp64_product} {ergonomic}
     bool UseG1GC                                  = true                                      {product} {ergonomic}
     bool UseLargePagesIndividualAllocation        = false                                  {pd product} {ergonomic}

Logging:
Log output configuration:
 #0: stdout all=warning uptime,level,tags foldmultilines=false
 #1: stderr all=off uptime,level,tags foldmultilines=false

Environment Variables:
JAVA_HOME=c:\Program Files\Eclipse Adoptium\openjdk-19.0.1
CLASSPATH=c:\Program Files\Eclipse Adoptium\openjdk-19.0.1\bin;c:\Program Files\Eclipse Adoptium\openjdk-19.0.1\lib\jbdc
PATH=C:\Program Files\Eclipse Adoptium\openjdk-19.0.1\bin;C:\Program Files (x86)\Embarcadero\Studio\22.0\bin;C:\Users\Public\Documents\Embarcadero\Studio\22.0\Bpl;C:\Program Files (x86)\Embarcadero\Studio\22.0\bin64;C:\Users\Public\Documents\Embarcadero\Studio\22.0\Bpl\Win64;C:\Windows\system32;C:\Windows;C:\Windows\System32\Wbem;C:\Windows\System32\WindowsPowerShell\v1.0\;C:\Windows\System32\OpenSSH\;C:\Program Files (x86)\Intel\Intel(R) Management Engine Components\DAL;C:\Program Files\Intel\Intel(R) Management Engine Components\DAL;C:\Program Files\Process Lasso\;C:\Program Files (x86)\Windows Kits\10\Windows Performance Toolkit\;D:\www\Go\bin;C:\Program Files\PuTTY\;D:\www\apache-maven\bin;D:\www\apache-tomcat\bin;D:\www\Go\bin;D:\www\Python\;D:\www\Ruby\bin;C:\Users\User\AppData\Local\Microsoft\WindowsApps;C:\Users\User\AppData\Roaming\npm;C:\Program Files\JetBrains\RubyMine 2022.2\bin;;D:\www\PHP;d:\www\composer;C:\Users\User\AppData\Roaming\Composer\vendor\bin;C:\Program Files\JetBrains\PyCharm 2022.2\bin;;C:\Program Files\JetBrains\GoLand 2022.2\bin;;C:\Users\User\go\bin;C:\Program Files\JetBrains\IntelliJ IDEA 2022.3\bin;;C:\Program Files\Microsoft VS Code\bin;d:\www\Git\bin;
USERNAME=Roma
OS=Windows_NT
PROCESSOR_IDENTIFIER=Intel64 Family 6 Model 78 Stepping 3, GenuineIntel
TMP=C:\Users\User\AppData\Local\Temp
TEMP=C:\Users\User\AppData\Local\Temp



---------------  S Y S T E M  ---------------

OS:
 Windows 10 , 64 bit Build 19041 (10.0.19041.2788)
OS uptime: 3 days 17:01 hours

CPU: total 4 (initial active 4) (2 cores per cpu, 2 threads per core) family 6 model 78 stepping 3 microcode 0xe2, cx8, cmov, fxsr, ht, mmx, 3dnowpref, sse, sse2, sse3, ssse3, sse4.1, sse4.2, popcnt, lzcnt, tsc, tscinvbit, avx, avx2, aes, erms, clmul, bmi1, bmi2, rtm, adx, fma, vzeroupper, clflush, clflushopt, rdtscp

Memory: 4k page, system-wide physical 16051M (3704M free)
TotalPageFile size 18899M (AvailPageFile size 6M)
current process WorkingSet (physical memory assigned to process): 10M, peak: 10M
current process commit charge ("private bytes"): 304M, peak: 308M

vm_info: OpenJDK 64-Bit Server VM (19.0.1+10-21) for windows-amd64 JRE (19.0.1+10-21), built on 2022-09-14T12:45:06Z by "mach5one" with MS VC++ 17.1 (VS2022)

END.
